<?xml version="1.0" encoding="UTF-8"?>
<testng-results skipped="0" failed="0" total="1" passed="1">
  <reporter-output>
  </reporter-output>
  <suite name="Default suite" duration-ms="13375" started-at="2016-06-12T14:55:55Z" finished-at="2016-06-12T14:56:08Z">
    <groups>
    </groups>
    <test name="Default test" duration-ms="13375" started-at="2016-06-12T14:55:55Z" finished-at="2016-06-12T14:56:08Z">
      <class name="demo.PrintSelectedOption">
        <test-method status="PASS" signature="printOption()[pri:0, instance:demo.PrintSelectedOption@488d6877]" name="printOption" duration-ms="13339" started-at="2016-06-12T20:25:55Z" finished-at="2016-06-12T20:26:08Z">
          <reporter-output>
          </reporter-output>
        </test-method> <!-- printOption -->
      </class> <!-- demo.PrintSelectedOption -->
    </test> <!-- Default test -->
  </suite> <!-- Default suite -->
</testng-results>
