<?xml version="1.0" encoding="UTF-8"?>
<testng-results skipped="0" failed="0" total="1" passed="1">
  <reporter-output>
  </reporter-output>
  <suite name="Default suite" duration-ms="34955" started-at="2016-04-07T11:12:13Z" finished-at="2016-04-07T11:12:48Z">
    <groups>
    </groups>
    <test name="Default test" duration-ms="34955" started-at="2016-04-07T11:12:13Z" finished-at="2016-04-07T11:12:48Z">
      <class name="demo.ActiDownload">
        <test-method status="PASS" signature="downloadTest()[pri:0, instance:demo.ActiDownload@6a25dcb2]" name="downloadTest" duration-ms="34915" started-at="2016-04-07T16:42:13Z" finished-at="2016-04-07T16:42:48Z">
          <reporter-output>
          </reporter-output>
        </test-method> <!-- downloadTest -->
      </class> <!-- demo.ActiDownload -->
    </test> <!-- Default test -->
  </suite> <!-- Default suite -->
</testng-results>
