<?xml version="1.0" encoding="UTF-8"?>
<!-- Generated by org.testng.reporters.JUnitXMLReporter -->
<testsuite hostname="Sony-PC" name="Test" tests="4" failures="0" timestamp="3 Mar 2016 06:46:55 GMT" time="0.098" errors="0">
  <testcase name="createCusTest" time="0.014" classname="practice.SampleTest"/>
  <testcase name="searchTest" time="0.002" classname="practice.NewTest"/>
  <testcase name="advSearchTest" time="0.001" classname="practice.NewTest"/>
  <testcase name="buyProductsTest" time="0.002" classname="practice.NewTest"/>
</testsuite> <!-- Test -->
